[debug] [2019-06-24T08:36:02.184Z] ----------------------------------------------------------------------
[debug] [2019-06-24T08:36:02.186Z] Command:       C:\Program Files\nodejs\node.exe C:\Users\welcome\AppData\Roaming\npm\node_modules\firebase-tools\lib\bin\firebase.js deploy
[debug] [2019-06-24T08:36:02.187Z] CLI Version:   6.10.0
[debug] [2019-06-24T08:36:02.187Z] Platform:      win32
[debug] [2019-06-24T08:36:02.187Z] Node Version:  v10.15.3
[debug] [2019-06-24T08:36:02.192Z] Time:          Mon Jun 24 2019 14:06:02 GMT+0530 (India Standard Time)
[debug] [2019-06-24T08:36:02.192Z] ----------------------------------------------------------------------
[debug] 
[debug] [2019-06-24T08:36:02.202Z] > command requires scopes: ["email","openid","https://www.googleapis.com/auth/cloudplatformprojects.readonly","https://www.googleapis.com/auth/firebase","https://www.googleapis.com/auth/cloud-platform"]
[debug] [2019-06-24T08:36:02.203Z] > authorizing via signed-in user
[debug] [2019-06-24T08:36:02.204Z] [iam] checking project looteapp-662bf for permissions ["cloudfunctions.functions.create","cloudfunctions.functions.delete","cloudfunctions.functions.get","cloudfunctions.functions.list","cloudfunctions.functions.update","cloudfunctions.operations.get","firebase.projects.get"]
[debug] [2019-06-24T08:36:02.209Z] > refreshing access token with scopes: ["email","https://www.googleapis.com/auth/cloud-platform","https://www.googleapis.com/auth/cloudplatformprojects.readonly","https://www.googleapis.com/auth/firebase","openid"]
[debug] [2019-06-24T08:36:02.209Z] >>> HTTP REQUEST POST https://www.googleapis.com/oauth2/v3/token  
 <request body omitted>
[debug] [2019-06-24T08:36:02.663Z] <<< HTTP RESPONSE 200
[debug] [2019-06-24T08:36:02.674Z] >>> HTTP REQUEST POST https://cloudresourcemanager.googleapis.com/v1/projects/looteapp-662bf:testIamPermissions  

[debug] [2019-06-24T08:36:04.146Z] <<< HTTP RESPONSE 200
[warn] !  functions: package.json indicates an outdated version of firebase-functions.
 Please upgrade using npm install --save firebase-functions@latest in your functions directory.
[info] 
[info] === Deploying to 'looteapp-662bf'...
[info] 
[info] i  deploying functions
[info] Running command: npm --prefix "$RESOURCE_DIR" run lint
[info] +  functions: Finished running predeploy script.
[debug] [2019-06-24T08:36:19.514Z] > [functions] package.json contents: {
  "name": "functions",
  "description": "Cloud Functions for Firebase",
  "scripts": {
    "lint": "eslint .",
    "serve": "firebase serve --only functions",
    "shell": "firebase functions:shell",
    "start": "npm run shell",
    "deploy": "firebase deploy --only functions",
    "logs": "firebase functions:log"
  },
  "engines": {
    "node": "8"
  },
  "dependencies": {
    "firebase-admin": "~7.0.0",
    "firebase-functions": "^2.3.0",
    "node-fetch": "^2.6.0"
  },
  "devDependencies": {
    "eslint": "^5.12.0",
    "eslint-plugin-promise": "^4.0.1",
    "firebase-functions-test": "^0.1.6"
  },
  "private": true
}
[info] i  functions: ensuring necessary APIs are enabled...
[debug] [2019-06-24T08:36:19.515Z] >>> HTTP REQUEST GET https://servicemanagement.googleapis.com/v1/services/cloudfunctions.googleapis.com/projectSettings/looteapp-662bf?view=CONSUMER_VIEW  
 
[debug] [2019-06-24T08:36:19.516Z] >>> HTTP REQUEST GET https://servicemanagement.googleapis.com/v1/services/runtimeconfig.googleapis.com/projectSettings/looteapp-662bf?view=CONSUMER_VIEW  
 
[debug] [2019-06-24T08:36:21.777Z] <<< HTTP RESPONSE 200
[info] +  functions: all necessary APIs are enabled
[debug] [2019-06-24T08:36:21.806Z] <<< HTTP RESPONSE 200
[debug] [2019-06-24T08:36:21.807Z] >>> HTTP REQUEST GET https://cloudresourcemanager.googleapis.com/v1/projects/looteapp-662bf  
 
[debug] [2019-06-24T08:36:23.206Z] <<< HTTP RESPONSE 200
[debug] [2019-06-24T08:36:23.206Z] >>> HTTP REQUEST GET https://mobilesdk-pa.googleapis.com/v1/projects/855776994974:getServerAppConfig  
 
[debug] [2019-06-24T08:36:23.769Z] <<< HTTP RESPONSE 200
[info] i  functions: preparing functions directory for uploading...
[debug] [2019-06-24T08:36:23.772Z] >>> HTTP REQUEST GET https://runtimeconfig.googleapis.com/v1beta1/projects/looteapp-662bf/configs  
 
[debug] [2019-06-24T08:36:25.364Z] <<< HTTP RESPONSE 200
[info] i  functions: packaged functions (39.9 KB) for uploading
[debug] [2019-06-24T08:36:26.203Z] >>> HTTP REQUEST POST https://cloudfunctions.googleapis.com/v1/projects/looteapp-662bf/locations/us-central1/functions:generateUploadUrl  
 
[debug] [2019-06-24T08:36:27.079Z] <<< HTTP RESPONSE 200
[debug] [2019-06-24T08:36:27.080Z] >>> HTTP REQUEST PUT https://storage.googleapis.com/gcf-upload-us-central1-336ff419-ecc4-4c58-80dd-23d234201a12/faa2d790-2512-4704-a79a-c793aad94cef.zip?GoogleAccessId=service-855776994974@gcf-admin-robot.iam.gserviceaccount.com&Expires=1561367187&Signature=cEMO7N9NJLDeYpC2Lnxs33b9PLpGV5L3%2BiK9M4BA422LboOyMW%2B5dMGpsSxiyfM%2FZbBY5Vj2nLvScQUHnBMBBfiEuTq5PSuxD8oAvxRgPxHT8QrTiCKb3gLhJwQrvXWvunYm6%2FgkA9WC2C05XWDVhSknPkE3ryhortkuCWi%2BQxdwRNSa4aJU5wPHUS89e2JvJNpnrj0dSY992xr1v%2BZ0OBHTUWN5j4mXKFG9gAD3NHcfGx%2Ba4d2jihLZxdsV0FOk2Edophw5XqP61aIw83FAQgNitunhmpDP4npTaOifU1zSgjDyvmUorbPmJD%2BUeJPNWhDfNcmWNX9vE%2BzT7pq0TA%3D%3D  

[debug] [2019-06-24T08:36:27.674Z] <<< HTTP RESPONSE 200
[info] +  functions: functions folder uploaded successfully
[debug] [2019-06-24T08:36:27.676Z] >>> HTTP REQUEST GET https://cloudfunctions.googleapis.com/v1/projects/looteapp-662bf/locations/-/functions  
 
[debug] [2019-06-24T08:36:28.154Z] <<< HTTP RESPONSE 200
[info] i  functions: updating Node.js 8 function sendPushNotification(us-central1)...
[debug] [2019-06-24T08:36:28.157Z] Trigger is:  {"eventTrigger":{"resource":"projects/_/instances/looteapp-662bf/refs/data","eventType":"providers/google.firebase.database/eventTypes/ref.create","service":"firebaseio.com"}}
[debug] [2019-06-24T08:36:28.158Z] >>> HTTP REQUEST GET https://servicemanagement.googleapis.com/v1/services/cloudscheduler.googleapis.com/projectSettings/looteapp-662bf?view=CONSUMER_VIEW  
 
[debug] [2019-06-24T08:36:30.308Z] <<< HTTP RESPONSE 200
[debug] [2019-06-24T08:36:30.311Z] >>> HTTP REQUEST PATCH https://cloudfunctions.googleapis.com/v1/projects/looteapp-662bf/locations/us-central1/functions/sendPushNotification {"updateMask":"sourceUploadUrl,name,labels,runtime,eventTrigger.resource,eventTrigger.eventType,eventTrigger.service"} 

[debug] [2019-06-24T08:36:33.270Z] <<< HTTP RESPONSE 200
[debug] [2019-06-24T08:36:33.271Z] >>> HTTP REQUEST GET https://cloudfunctions.googleapis.com/v1/operations/bG9vdGVhcHAtNjYyYmYvdXMtY2VudHJhbDEvc2VuZFB1c2hOb3RpZmljYXRpb24vS1dCOENna0hUR2c  
 
[debug] [2019-06-24T08:36:38.534Z] <<< HTTP RESPONSE 200
[debug] [2019-06-24T08:36:40.537Z] >>> HTTP REQUEST GET https://cloudfunctions.googleapis.com/v1/operations/bG9vdGVhcHAtNjYyYmYvdXMtY2VudHJhbDEvc2VuZFB1c2hOb3RpZmljYXRpb24vS1dCOENna0hUR2c  
 
[debug] [2019-06-24T08:36:43.615Z] <<< HTTP RESPONSE 200
[debug] [2019-06-24T08:36:45.615Z] >>> HTTP REQUEST GET https://cloudfunctions.googleapis.com/v1/operations/bG9vdGVhcHAtNjYyYmYvdXMtY2VudHJhbDEvc2VuZFB1c2hOb3RpZmljYXRpb24vS1dCOENna0hUR2c  
 
[debug] [2019-06-24T08:36:49.279Z] <<< HTTP RESPONSE 200
[debug] [2019-06-24T08:36:51.280Z] >>> HTTP REQUEST GET https://cloudfunctions.googleapis.com/v1/operations/bG9vdGVhcHAtNjYyYmYvdXMtY2VudHJhbDEvc2VuZFB1c2hOb3RpZmljYXRpb24vS1dCOENna0hUR2c  
 
[debug] [2019-06-24T08:36:52.563Z] <<< HTTP RESPONSE 200
